# JRE version: OpenJDK Runtime Environment (21.0.9) (build 21.0.9+-14787801-b1163.94)
# Java VM: OpenJDK 64-Bit Server VM (21.0.9+-14787801-b1163.94, mixed mode, tiered, compressed oops, compressed class ptrs, g1 gc, windows-amd64)
GC Precious Log:
 CardTable entry size: 512
 Card Set container configuration: InlinePtr #cards 4 size 8 Array Of Cards #cards 16 size 48 Howl #buckets 8 coarsen threshold 3686 Howl Bitmap #cards 512 size 80 coarsen threshold 460 Card regions per heap region 1 cards per card region 4096
 CPUs: 8 total, 8 available
 Memory: 16108M
 Large Page Support: Disabled
 NUMA Support: Disabled
 Compressed Oops: Enabled (Zero based)
 Heap Region Size: 2M
 Heap Min Capacity: 8M
 Heap Initial Capacity: 252M
 Heap Max Capacity: 4G
 Pre-touch: Disabled
 Parallel Workers: 8
 Concurrent Workers: 2
 Concurrent Refinement Workers: 8
 Periodic GC: Disabled
Heap:
 garbage-first heap   total 638976K, used 394422K [0x0000000700000000, 0x0000000800000000)
  region size 2048K, 4 young (8192K), 4 survivors (8192K)
 Metaspace       used 182423K, committed 185088K, reserved 1048576K
  class space    used 24581K, committed 25856K, reserved 851968K
GC Heap History (20 events):
Event: 165.590 GC heap after
{Heap after GC invocations=68 (full 0):
 garbage-first heap   total 434176K, used 242462K [0x0000000700000000, 0x0000000800000000)
  region size 2048K, 7 young (14336K), 7 survivors (14336K)
 Metaspace       used 170240K, committed 172928K, reserved 1048576K
  class space    used 22801K, committed 24064K, reserved 851968K
}
Event: 169.186 GC heap before
{Heap before GC invocations=68 (full 0):
 garbage-first heap   total 434176K, used 398110K [0x0000000700000000, 0x0000000800000000)
  region size 2048K, 84 young (172032K), 7 survivors (14336K)
 Metaspace       used 171254K, committed 173952K, reserved 1048576K
  class space    used 22928K, committed 24256K, reserved 851968K
}
Event: 169.221 GC heap after
{Heap after GC invocations=69 (full 0):
 garbage-first heap   total 434176K, used 247909K [0x0000000700000000, 0x0000000800000000)
  region size 2048K, 7 young (14336K), 7 survivors (14336K)
 Metaspace       used 171254K, committed 173952K, reserved 1048576K
  class space    used 22928K, committed 24256K, reserved 851968K
}
Event: 183.706 GC heap before
{Heap before GC invocations=70 (full 0):
 garbage-first heap   total 434176K, used 397413K [0x0000000700000000, 0x0000000800000000)
  region size 2048K, 82 young (167936K), 7 survivors (14336K)
 Metaspace       used 172577K, committed 175296K, reserved 1048576K
  class space    used 23131K, committed 24448K, reserved 851968K
}
Event: 183.726 GC heap after
{Heap after GC invocations=71 (full 0):
 garbage-first heap   total 434176K, used 239414K [0x0000000700000000, 0x0000000800000000)
  region size 2048K, 3 young (6144K), 3 survivors (6144K)
 Metaspace       used 172577K, committed 175296K, reserved 1048576K
  class space    used 23131K, committed 24448K, reserved 851968K
}
Event: 187.781 GC heap before
{Heap before GC invocations=71 (full 0):
 garbage-first heap   total 434176K, used 403254K [0x0000000700000000, 0x0000000800000000)
  region size 2048K, 83 young (169984K), 3 survivors (6144K)
 Metaspace       used 177503K, committed 180224K, reserved 1048576K
  class space    used 23845K, committed 25152K, reserved 851968K
}
Event: 187.825 GC heap after
{Heap after GC invocations=72 (full 0):
 garbage-first heap   total 450560K, used 271709K [0x0000000700000000, 0x0000000800000000)
  region size 2048K, 11 young (22528K), 11 survivors (22528K)
 Metaspace       used 177503K, committed 180224K, reserved 1048576K
  class space    used 23845K, committed 25152K, reserved 851968K
}
Event: 188.686 GC heap before
{Heap before GC invocations=72 (full 0):
 garbage-first heap   total 450560K, used 402781K [0x0000000700000000, 0x0000000800000000)
  region size 2048K, 76 young (155648K), 11 survivors (22528K)
 Metaspace       used 177561K, committed 180224K, reserved 1048576K
  class space    used 23850K, committed 25152K, reserved 851968K
}
Event: 188.784 GC heap after
{Heap after GC invocations=73 (full 0):
 garbage-first heap   total 458752K, used 303104K [0x0000000700000000, 0x0000000800000000)
  region size 2048K, 10 young (20480K), 10 survivors (20480K)
 Metaspace       used 177561K, committed 180224K, reserved 1048576K
  class space    used 23850K, committed 25152K, reserved 851968K
}
Event: 190.322 GC heap before
{Heap before GC invocations=74 (full 0):
 garbage-first heap   total 505856K, used 409600K [0x0000000700000000, 0x0000000800000000)
  region size 2048K, 63 young (129024K), 10 survivors (20480K)
 Metaspace       used 177043K, committed 180096K, reserved 1048576K
  class space    used 23814K, committed 25152K, reserved 851968K
}
Event: 190.416 GC heap after
{Heap after GC invocations=75 (full 0):
 garbage-first heap   total 505856K, used 332800K [0x0000000700000000, 0x0000000800000000)
  region size 2048K, 8 young (16384K), 8 survivors (16384K)
 Metaspace       used 177043K, committed 180096K, reserved 1048576K
  class space    used 23814K, committed 25152K, reserved 851968K
}
Event: 191.821 GC heap before
{Heap before GC invocations=75 (full 0):
 garbage-first heap   total 505856K, used 447488K [0x0000000700000000, 0x0000000800000000)
  region size 2048K, 63 young (129024K), 8 survivors (16384K)
 Metaspace       used 177043K, committed 180096K, reserved 1048576K
  class space    used 23814K, committed 25152K, reserved 851968K
}
Event: 191.921 GC heap after
{Heap after GC invocations=76 (full 0):
 garbage-first heap   total 505856K, used 360162K [0x0000000700000000, 0x0000000800000000)
  region size 2048K, 8 young (16384K), 8 survivors (16384K)
 Metaspace       used 177043K, committed 180096K, reserved 1048576K
  class space    used 23814K, committed 25152K, reserved 851968K
}
Event: 192.754 GC heap before
{Heap before GC invocations=76 (full 0):
 garbage-first heap   total 505856K, used 405218K [0x0000000700000000, 0x0000000800000000)
  region size 2048K, 31 young (63488K), 8 survivors (16384K)
 Metaspace       used 177047K, committed 180096K, reserved 1048576K
  class space    used 23814K, committed 25152K, reserved 851968K
}
Event: 192.826 GC heap after
{Heap after GC invocations=77 (full 0):
 garbage-first heap   total 505856K, used 377856K [0x0000000700000000, 0x0000000800000000)
  region size 2048K, 7 young (14336K), 7 survivors (14336K)
 Metaspace       used 177047K, committed 180096K, reserved 1048576K
  class space    used 23814K, committed 25152K, reserved 851968K
}
Event: 195.911 GC heap before
{Heap before GC invocations=78 (full 0):
 garbage-first heap   total 638976K, used 461824K [0x0000000700000000, 0x0000000800000000)
  region size 2048K, 46 young (94208K), 7 survivors (14336K)
 Metaspace       used 179976K, committed 182656K, reserved 1048576K
  class space    used 24227K, committed 25472K, reserved 851968K
}
Event: 195.968 GC heap after
{Heap after GC invocations=79 (full 0):
 garbage-first heap   total 638976K, used 392636K [0x0000000700000000, 0x0000000800000000)
  region size 2048K, 5 young (10240K), 5 survivors (10240K)
 Metaspace       used 179976K, committed 182656K, reserved 1048576K
  class space    used 24227K, committed 25472K, reserved 851968K
}
Event: 197.503 GC heap before
{Heap before GC invocations=79 (full 0):
 garbage-first heap   total 638976K, used 544188K [0x0000000700000000, 0x0000000800000000)
  region size 2048K, 79 young (161792K), 5 survivors (10240K)
 Metaspace       used 182274K, committed 184960K, reserved 1048576K
  class space    used 24558K, committed 25856K, reserved 851968K
}
Event: 197.541 GC heap after
{Heap after GC invocations=80 (full 0):
 garbage-first heap   total 638976K, used 390608K [0x0000000700000000, 0x0000000800000000)
  region size 2048K, 7 young (14336K), 7 survivors (14336K)
 Metaspace       used 182274K, committed 184960K, reserved 1048576K
  class space    used 24558K, committed 25856K, reserved 851968K
}
Event: 197.640 GC heap before
{Heap before GC invocations=80 (full 0):
 garbage-first heap   total 638976K, used 394704K [0x0000000700000000, 0x0000000800000000)
  region size 2048K, 10 young (20480K), 7 survivors (14336K)
 Metaspace       used 182423K, committed 185088K, reserved 1048576K
  class space    used 24581K, committed 25856K, reserved 851968K
}

